touch: cannot touch '/tmp/_log_/copy_complete': Not a directory
touch: cannot touch '/tmp/_log_/copy_complete': Not a directory
touch: cannot touch '/tmp/_log_/copy_complete': Not a directory
touch: cannot touch '/tmp/_log_/copy_complete': Not a directory
./20201109_log_manager/copy_complete
./20201109_log_manager/lastlog
./20201109_log_manager/wtmp
./20201109_log_slave1/copy_complete
./20201109_log_slave1/lastlog
./20201109_log_slave1/wtmp
./20201109_log_slave2/copy_complete
./20201109_log_slave2/lastlog
./20201109_log_slave2/wtmp
./20201109_log_slave1/lastlog
./20201109_log_slave1/wtmp
./20201109_log_manager/lastlog
./20201109_log_manager/wtmp
./20201109_log_slave2/lastlog
./20201109_log_slave2/wtmp
127.0.0.1	localhost
::1	localhost ip6-localhost ip6-loopback
fe00::0	ip6-localnet
ff00::0	ip6-mcastprefix
ff02::1	ip6-allnodes
ff02::2	ip6-allrouters
192.168.56.100	manager
