# Comment 20201112_124453 // SHELL START
# Comment 20201112_124453 // JOB KIND =  transfer
mkdir: cannot create directory '/tmp/logCollect_20201112': File exists
###########################################
# Comment 20201112_124453// READ LINE =  # TEST
###########################################
# Skipped becouse Comment Out
.
###########################################
# Comment 20201112_124453// READ LINE =  #192.168.56.100
###########################################
# Skipped becouse Comment Out
.
###########################################
# Comment 20201112_124453// READ LINE = 
###########################################
# Skipped becouse Null Line
.
###########################################
# Comment 20201112_124453// READ LINE =  192.168.56.200
###########################################
# Comment 20201112_124453 // TARGET IP =  192.168.56.200
# Comment 20201112_124453 // SCP START
.
###########################################
# Comment 20201112_124454// READ LINE =  #192.168.56.201
###########################################
# Skipped becouse Comment Out
.
# Comment 20201112_124454 // SHELL END
# Comment 20201112_124623 // SHELL START
# Comment 20201112_124623 // JOB KIND =  transfer
mkdir: cannot create directory '/tmp/logCollect_20201112': File exists
###########################################
# Comment 20201112_124623// READ LINE =  # TEST
###########################################
# Skipped becouse Comment Out
.
###########################################
# Comment 20201112_124623// READ LINE =  #192.168.56.100
###########################################
# Skipped becouse Comment Out
.
###########################################
# Comment 20201112_124623// READ LINE = 
###########################################
# Skipped becouse Null Line
.
###########################################
# Comment 20201112_124623// READ LINE =  192.168.56.200
###########################################
# Comment 20201112_124623 // TARGET IP =  192.168.56.200
# Comment 20201112_124623 // SCP START
.
###########################################
# Comment 20201112_124624// READ LINE =  #192.168.56.201
###########################################
# Skipped becouse Comment Out
.
# Comment 20201112_124624 // SHELL END
# Comment 20201112_124821 // SHELL START
# Comment 20201112_124821 // JOB KIND =  transfer
mkdir: cannot create directory '/tmp/logCollect_20201112': File exists
###########################################
# Comment 20201112_124821// READ LINE =  # TEST
###########################################
# Skipped becouse Comment Out
.
###########################################
# Comment 20201112_124821// READ LINE =  #192.168.56.100
###########################################
# Skipped becouse Comment Out
.
###########################################
# Comment 20201112_124821// READ LINE = 
###########################################
# Skipped becouse Null Line
.
###########################################
# Comment 20201112_124821// READ LINE =  192.168.56.200
###########################################
# Comment 20201112_124821 // TARGET IP =  192.168.56.200
# Comment 20201112_124821 // SCP START
.
###########################################
# Comment 20201112_124822// READ LINE =  #192.168.56.201
###########################################
# Skipped becouse Comment Out
.
# Comment 20201112_124822 // SHELL END
# Comment 20201112_125627 // SHELL START
# Comment 20201112_125627 // JOB KIND =  transfer
mkdir: cannot create directory '/tmp/logCollect_20201112': File exists
###########################################
# Comment 20201112_125627// READ LINE =  # TEST
###########################################
# Skipped becouse Comment Out
.
###########################################
# Comment 20201112_125627// READ LINE =  #192.168.56.100
###########################################
# Skipped becouse Comment Out
.
###########################################
# Comment 20201112_125627// READ LINE = 
###########################################
# Skipped becouse Null Line
.
###########################################
# Comment 20201112_125627// READ LINE =  192.168.56.200
###########################################
# Comment 20201112_125627 // TARGET IP =  192.168.56.200
# Comment 20201112_125627 // SCP START
.
###########################################
# Comment 20201112_125628// READ LINE =  #192.168.56.201
###########################################
# Skipped becouse Comment Out
.
# Comment 20201112_125628 // SHELL END
# Comment 20201112_140710 // SHELL START
# Comment 20201112_140710 // JOB KIND =  transfer
mkdir: cannot create directory '/tmp/logCollect_20201112': File exists
###########################################
# Comment 20201112_140711// READ LINE =  # TEST
###########################################
# Skipped becouse Comment Out
.
###########################################
# Comment 20201112_140711// READ LINE =  192.168.56.100
###########################################
# Comment 20201112_140711 // TARGET IP =  192.168.56.100
# Comment 20201112_140711 // SCP START
.
###########################################
# Comment 20201112_140711// READ LINE = 
###########################################
# Skipped becouse Null Line
.
###########################################
# Comment 20201112_140711// READ LINE =  # TEST2
###########################################
# Skipped becouse Comment Out
.
###########################################
# Comment 20201112_140711// READ LINE =  192.168.56.200
###########################################
# Comment 20201112_140711 // TARGET IP =  192.168.56.200
# Comment 20201112_140711 // SCP START
.
###########################################
# Comment 20201112_140712// READ LINE =  192.168.56.201
###########################################
# Comment 20201112_140712 // TARGET IP =  192.168.56.201
# Comment 20201112_140712 // SCP START
.
# Comment 20201112_140712 // SHELL END
# Comment 20201112_140753 // SHELL START
# Comment 20201112_140753 // JOB KIND =  transfer
mkdir: cannot create directory '/tmp/logCollect_20201112': File exists
###########################################
# Comment 20201112_140753// READ LINE =  # TEST
###########################################
# Skipped becouse Comment Out
.
###########################################
# Comment 20201112_140753// READ LINE =  192.168.56.100
###########################################
# Comment 20201112_140753 // TARGET IP =  192.168.56.100
# Comment 20201112_140753 // SCP START
.
###########################################
# Comment 20201112_140753// READ LINE = 
###########################################
# Skipped becouse Null Line
.
###########################################
# Comment 20201112_140753// READ LINE =  # TEST2
###########################################
# Skipped becouse Comment Out
.
###########################################
# Comment 20201112_140753// READ LINE =  192.168.56.200
###########################################
# Comment 20201112_140753 // TARGET IP =  192.168.56.200
# Comment 20201112_140753 // SCP START
.
###########################################
# Comment 20201112_140754// READ LINE =  192.168.56.201
###########################################
# Comment 20201112_140754 // TARGET IP =  192.168.56.201
# Comment 20201112_140754 // SCP START
.
# Comment 20201112_140755 // SHELL END
# Comment 20201112_201353 // SHELL START
# Comment 20201112_201353 // JOB KIND =  transfer
mkdir: cannot create directory '/tmp/logCollect_20201112': File exists
###########################################
# Comment 20201112_201353// READ LINE =  # TEST
###########################################
# Skipped becouse Comment Out
.
###########################################
# Comment 20201112_201353// READ LINE =  192.168.56.100
###########################################
# Comment 20201112_201353 // TARGET IP =  192.168.56.100
# Comment 20201112_201353 // SCP START
.
###########################################
# Comment 20201112_201354// READ LINE = 
###########################################
# Skipped becouse Null Line
.
###########################################
# Comment 20201112_201354// READ LINE =  # TEST2
###########################################
# Skipped becouse Comment Out
.
###########################################
# Comment 20201112_201354// READ LINE =  192.168.56.200
###########################################
# Comment 20201112_201354 // TARGET IP =  192.168.56.200
# Comment 20201112_201354 // SCP START
.
###########################################
# Comment 20201112_201354// READ LINE =  192.168.56.201
###########################################
# Comment 20201112_201354 // TARGET IP =  192.168.56.201
# Comment 20201112_201354 // SCP START
.
# Comment 20201112_201355 // SHELL END
# Comment 20201112_201434 // SHELL START
# Comment 20201112_201434 // JOB KIND =  transfer
mkdir: cannot create directory '/tmp/logCollect_20201112': File exists
###########################################
# Comment 20201112_201434// READ LINE =  # TEST
###########################################
# Skipped becouse Comment Out
.
###########################################
# Comment 20201112_201434// READ LINE =  192.168.56.100
###########################################
# Comment 20201112_201434 // TARGET IP =  192.168.56.100
# Comment 20201112_201434 // SCP START
.
###########################################
# Comment 20201112_201435// READ LINE = 
###########################################
# Skipped becouse Null Line
.
###########################################
# Comment 20201112_201435// READ LINE =  # TEST2
###########################################
# Skipped becouse Comment Out
.
###########################################
# Comment 20201112_201435// READ LINE =  192.168.56.200
###########################################
# Comment 20201112_201435 // TARGET IP =  192.168.56.200
# Comment 20201112_201435 // SCP START
.
###########################################
# Comment 20201112_201436// READ LINE =  192.168.56.201
###########################################
# Comment 20201112_201436 // TARGET IP =  192.168.56.201
# Comment 20201112_201436 // SCP START
.
# Comment 20201112_201436 // SHELL END
